[     509ms] [WARNING] Clerk: Clerk has been loaded with development keys. Development instances have strict usage limits and should not be used when deploying your application to production. Learn more: https://clerk.com/docs/deployments/overview @ https://pro-pony-9.clerk.accounts.dev/npm/@clerk/clerk-js@5/dist/clerk.browser.js:18
[    1060ms] [ERROR] Access to fetch at 'https://clerk-telemetry.com/v1/event' from origin 'http://localhost:3000' has been blocked by CORS policy: No 'Access-Control-Allow-Origin' header is present on the requested resource. @ http://localhost:3000/demos:0
[    1060ms] [ERROR] Failed to load resource: net::ERR_FAILED @ https://clerk-telemetry.com/v1/event:0
[    1432ms] [WARNING] Detected `scroll-behavior: smooth` on the `<html>` element. In a future version, Next.js will no longer automatically disable smooth scrolling during route transitions. To prepare for this change, add `data-scroll-behavior="smooth"` to your <html> element. Learn more: https://nextjs.org/docs/messages/missing-data-scroll-behavior @ webpack-internal:///(app-pages-browser)/./node_modules/.pnpm/next@15.5.7_@babel+core@7.28.5_react-dom@19.2.1_react@19.2.1__react@19.2.1/node_modules/next/dist/shared/lib/utils/warn-once.js:15
[    4584ms] [WARNING] The resource http://localhost:3000/_next/static/css/app/layout.css?v=1770932526748 was preloaded using link preload but not used within a few seconds from the window's load event. Please make sure it has an appropriate `as` value and it is preloaded intentionally. @ http://localhost:3000/demos:0
[    7768ms] [WARNING] The resource http://localhost:3000/_next/static/css/app/layout.css?v=1770932526748 was preloaded using link preload but not used within a few seconds from the window's load event. Please make sure it has an appropriate `as` value and it is preloaded intentionally. @ http://localhost:3000/demos:0
[    8323ms] Error: Minified React error #418; visit https://react.dev/errors/418?args[]=HTML&args[]= for the full message or use the non-minified dev environment for full errors and additional helpful warnings.
    at rL (https://demo.arcade.software/_next/static/chunks/a7273e5fac40562f.js?dpl=dpl_4WJpwStvjbNXxKmD823gftDfqBoM:1:38470)
    at oQ (https://demo.arcade.software/_next/static/chunks/a7273e5fac40562f.js?dpl=dpl_4WJpwStvjbNXxKmD823gftDfqBoM:1:88327)
    at ib (https://demo.arcade.software/_next/static/chunks/a7273e5fac40562f.js?dpl=dpl_4WJpwStvjbNXxKmD823gftDfqBoM:1:119414)
    at https://demo.arcade.software/_next/static/chunks/a7273e5fac40562f.js?dpl=dpl_4WJpwStvjbNXxKmD823gftDfqBoM:1:119259
    at iv (https://demo.arcade.software/_next/static/chunks/a7273e5fac40562f.js?dpl=dpl_4WJpwStvjbNXxKmD823gftDfqBoM:1:119267)
    at io (https://demo.arcade.software/_next/static/chunks/a7273e5fac40562f.js?dpl=dpl_4WJpwStvjbNXxKmD823gftDfqBoM:1:114642)
    at iY (https://demo.arcade.software/_next/static/chunks/a7273e5fac40562f.js?dpl=dpl_4WJpwStvjbNXxKmD823gftDfqBoM:1:137774)
    at MessagePort.L (https://demo.arcade.software/_next/static/chunks/a7273e5fac40562f.js?dpl=dpl_4WJpwStvjbNXxKmD823gftDfqBoM:1:1647)
[   13367ms] [WARNING] Invalid keyframe value for property transform: translate0d(0px, 0px, 0) scale(0) @ https://demo.arcade.software/_next/static/chunks/453131fc8a5e5403.js?dpl=dpl_4WJpwStvjbNXxKmD823gftDfqBoM:0
[   13370ms] [WARNING] Invalid keyframe value for property transform: translate0d(0px, 0px, 0) scale(0) @ https://demo.arcade.software/_next/static/chunks/453131fc8a5e5403.js?dpl=dpl_4WJpwStvjbNXxKmD823gftDfqBoM:0
[   29479ms] [WARNING] The resource http://localhost:3000/_next/static/css/app/layout.css?v=1770932526748 was preloaded using link preload but not used within a few seconds from the window's load event. Please make sure it has an appropriate `as` value and it is preloaded intentionally. @ http://localhost:3000/demos:0
[   42268ms] [WARNING] The resource http://localhost:3000/_next/static/css/app/layout.css?v=1770932526748 was preloaded using link preload but not used within a few seconds from the window's load event. Please make sure it has an appropriate `as` value and it is preloaded intentionally. @ http://localhost:3000/demos:0
[   45403ms] [WARNING] The resource http://localhost:3000/_next/static/css/app/layout.css?v=1770932526748 was preloaded using link preload but not used within a few seconds from the window's load event. Please make sure it has an appropriate `as` value and it is preloaded intentionally. @ http://localhost:3000/demos:0
[   50201ms] [WARNING] The resource http://localhost:3000/_next/static/css/app/layout.css?v=1770932526748 was preloaded using link preload but not used within a few seconds from the window's load event. Please make sure it has an appropriate `as` value and it is preloaded intentionally. @ http://localhost:3000/demos:0
[   53355ms] [WARNING] The resource http://localhost:3000/_next/static/css/app/layout.css?v=1770932526748 was preloaded using link preload but not used within a few seconds from the window's load event. Please make sure it has an appropriate `as` value and it is preloaded intentionally. @ http://localhost:3000/demos:0
[   56509ms] [WARNING] The resource http://localhost:3000/_next/static/css/app/layout.css?v=1770932526748 was preloaded using link preload but not used within a few seconds from the window's load event. Please make sure it has an appropriate `as` value and it is preloaded intentionally. @ http://localhost:3000/demos:0
[   59634ms] [WARNING] The resource http://localhost:3000/_next/static/css/app/layout.css?v=1770932526748 was preloaded using link preload but not used within a few seconds from the window's load event. Please make sure it has an appropriate `as` value and it is preloaded intentionally. @ http://localhost:3000/demos:0
[   62774ms] [WARNING] The resource http://localhost:3000/_next/static/css/app/layout.css?v=1770932526748 was preloaded using link preload but not used within a few seconds from the window's load event. Please make sure it has an appropriate `as` value and it is preloaded intentionally. @ http://localhost:3000/demos:0
[   65924ms] [WARNING] The resource http://localhost:3000/_next/static/css/app/layout.css?v=1770932526748 was preloaded using link preload but not used within a few seconds from the window's load event. Please make sure it has an appropriate `as` value and it is preloaded intentionally. @ http://localhost:3000/demos:0
[   69055ms] [WARNING] The resource http://localhost:3000/_next/static/css/app/layout.css?v=1770932526748 was preloaded using link preload but not used within a few seconds from the window's load event. Please make sure it has an appropriate `as` value and it is preloaded intentionally. @ http://localhost:3000/demos:0
[   72179ms] [WARNING] The resource http://localhost:3000/_next/static/css/app/layout.css?v=1770932526748 was preloaded using link preload but not used within a few seconds from the window's load event. Please make sure it has an appropriate `as` value and it is preloaded intentionally. @ http://localhost:3000/demos:0
[   75315ms] [WARNING] The resource http://localhost:3000/_next/static/css/app/layout.css?v=1770932526748 was preloaded using link preload but not used within a few seconds from the window's load event. Please make sure it has an appropriate `as` value and it is preloaded intentionally. @ http://localhost:3000/demos:0
[   78477ms] [WARNING] The resource http://localhost:3000/_next/static/css/app/layout.css?v=1770932526748 was preloaded using link preload but not used within a few seconds from the window's load event. Please make sure it has an appropriate `as` value and it is preloaded intentionally. @ http://localhost:3000/demos:0
[   81590ms] [WARNING] The resource http://localhost:3000/_next/static/css/app/layout.css?v=1770932526748 was preloaded using link preload but not used within a few seconds from the window's load event. Please make sure it has an appropriate `as` value and it is preloaded intentionally. @ http://localhost:3000/demos:0
[   84718ms] [WARNING] The resource http://localhost:3000/_next/static/css/app/layout.css?v=1770932526748 was preloaded using link preload but not used within a few seconds from the window's load event. Please make sure it has an appropriate `as` value and it is preloaded intentionally. @ http://localhost:3000/demos:0
[   85486ms] [ERROR] Failed to load resource: the server responded with a status of 500 (Internal Server Error) @ http://localhost:3000/demos?_rsc=hllay:0
[   86084ms] [ERROR] Failed to load resource: the server responded with a status of 500 (Internal Server Error) @ http://localhost:3000/demos?_rsc=hllay:0
[   86680ms] [WARNING] Clerk: Clerk has been loaded with development keys. Development instances have strict usage limits and should not be used when deploying your application to production. Learn more: https://clerk.com/docs/deployments/overview @ https://pro-pony-9.clerk.accounts.dev/npm/@clerk/clerk-js@5/dist/clerk.browser.js:18
