[    1122ms] [ERROR] Failed to load resource: the server responded with a status of 403 () @ https://vercel.com/api/v1/dashboard/projects/news-alert?teamId=tbrown034s-projects:0
[    1122ms] [ERROR] Failed to load resource: the server responded with a status of 403 () @ https://vercel.com/api/user/permissions?projectIdOrName=news-alert&slug=tbrown034s-projects:0
[    1140ms] [ERROR] Failed to load resource: the server responded with a status of 403 () @ https://vercel.com/api/dashboard/projects/news-alert/recommendations?teamId=tbrown034s-projects:0
[    1217ms] [ERROR] Failed to load resource: the server responded with a status of 403 () @ https://vercel.com/api/dashboard/projects/news-alert/activity?teamId=tbrown034s-projects:0
[    1217ms] [ERROR] Failed to load resource: the server responded with a status of 403 () @ https://vercel.com/api/v1/projects/news-alert/rolling-release?teamId=tbrown034s-projects:0
[    1217ms] [ERROR] Failed to load resource: the server responded with a status of 403 () @ https://vercel.com/api/v1/projects/news-alert/production-deployment?teamId=tbrown034s-projects:0
[    1217ms] [ERROR] Failed to load resource: the server responded with a status of 403 () @ https://vercel.com/api/dashboard/projects/news-alert/production-checklist?teamId=tbrown034s-projects:0
[    1217ms] [ERROR] Failed to load resource: the server responded with a status of 403 () @ https://vercel.com/api/v1/notifications/push:0
[    1218ms] [ERROR] Failed to load resource: the server responded with a status of 403 () @ https://vercel.com/api/v9/projects/news-alert?activeBranches=1&latestDeployments=1&rollbackInfo=true&teamId=tbrown034s-projects:0
[    1218ms] [ERROR] Failed to load resource: the server responded with a status of 403 () @ https://vercel.com/api/v1/dashboard/projects/news-alert?teamId=tbrown034s-projects:0
[    1224ms] [ERROR] Failed to load resource: the server responded with a status of 403 () @ https://vercel.com/api/v6/deployments?limit=10&projectId=news-alert&state=INITIALIZING%2CREADY%2CERROR%2CBUILDING%2CQUEUED&target=preview&teamId=tbrown034s-projects:0
[    1225ms] [ERROR] Failed to load resource: the server responded with a status of 403 () @ https://vercel.com/api/v2/teams/tbrown034s-projects?flags=true&permissions=true:0
[    1276ms] [ERROR] The script resource is behind a redirect, which is disallowed. @ :0
[    1769ms] [WARNING] [GSI_LOGGER]: Your client application uses one of the Google One Tap prompt UI status methods that may stop functioning when FedCM becomes mandatory. Refer to the migration guide to update your code accordingly and opt-in to FedCM to test your changes. Learn more: https://developers.google.com/identity/gsi/web/guides/fedcm-migration?s=dc#display_moment and https://developers.google.com/identity/gsi/web/guides/fedcm-migration?s=dc#skipped_moment @ https://accounts.google.com/gsi/client:80
[    1770ms] [ERROR] Not signed in with the identity provider. @ https://vercel.com/login?next=%2Ftbrown034s-projects%2Fnews-alert:0
[    1898ms] [WARNING] Deprecated API for given entry type. @ https://vercel.com/_next/static/chunks/e992312dccddc034.js?dpl=dpl_B4oLhqwq9i36CQBvjrYVrTiG7zc2:18
[    1946ms] [ERROR] Failed to load resource: the server responded with a status of 403 () @ https://vercel.com/api/jwt:0
[    5242ms] [WARNING] The resource https://vercel.com/_next/static/media/stripe-light.4919d80b.svg?dpl=dpl_B4oLhqwq9i36CQBvjrYVrTiG7zc2&dpl=dpl_B4oLhqwq9i36CQBvjrYVrTiG7zc2 was preloaded using link preload but not used within a few seconds from the window's load event. Please make sure it has an appropriate `as` value and it is preloaded intentionally. @ https://vercel.com/login?next=%2Ftbrown034s-projects%2Fnews-alert:0
[    5242ms] [WARNING] The resource https://vercel.com/_next/static/media/ebay-light.a2d1b485.svg?dpl=dpl_B4oLhqwq9i36CQBvjrYVrTiG7zc2&dpl=dpl_B4oLhqwq9i36CQBvjrYVrTiG7zc2 was preloaded using link preload but not used within a few seconds from the window's load event. Please make sure it has an appropriate `as` value and it is preloaded intentionally. @ https://vercel.com/login?next=%2Ftbrown034s-projects%2Fnews-alert:0
[    5242ms] [WARNING] The resource https://vercel.com/_next/static/media/stripe-dark.aebeabe0.svg?dpl=dpl_B4oLhqwq9i36CQBvjrYVrTiG7zc2&dpl=dpl_B4oLhqwq9i36CQBvjrYVrTiG7zc2 was preloaded using link preload but not used within a few seconds from the window's load event. Please make sure it has an appropriate `as` value and it is preloaded intentionally. @ https://vercel.com/login?next=%2Ftbrown034s-projects%2Fnews-alert:0
[    5242ms] [WARNING] The resource https://vercel.com/_next/static/media/ebay-dark.c7572b4c.svg?dpl=dpl_B4oLhqwq9i36CQBvjrYVrTiG7zc2&dpl=dpl_B4oLhqwq9i36CQBvjrYVrTiG7zc2 was preloaded using link preload but not used within a few seconds from the window's load event. Please make sure it has an appropriate `as` value and it is preloaded intentionally. @ https://vercel.com/login?next=%2Ftbrown034s-projects%2Fnews-alert:0
[    5893ms] [ERROR] [GSI_LOGGER]: FedCM get() rejects with NetworkError: Error retrieving a token. @ https://vercel.com/_next/static/chunks/bc081da0fb7fb417.js?dpl=dpl_B4oLhqwq9i36CQBvjrYVrTiG7zc2:2
[    5954ms] [ERROR] Failed to load resource: the server responded with a status of 429 () @ https://o205439.ingest.sentry.io/api/1323670/envelope/?sentry_key=d00780d432ac4ccf882f60dd02062e14&sentry_version=7&sentry_client=sentry.javascript.browser%2F7.111.0:0
[    9006ms] [WARNING] The resource https://vercel.com/_next/static/media/stripe-light.4919d80b.svg?dpl=dpl_B4oLhqwq9i36CQBvjrYVrTiG7zc2&dpl=dpl_B4oLhqwq9i36CQBvjrYVrTiG7zc2 was preloaded using link preload but not used within a few seconds from the window's load event. Please make sure it has an appropriate `as` value and it is preloaded intentionally. @ https://vercel.com/login?next=%2Ftbrown034s-projects%2Fnews-alert:0
[    9006ms] [WARNING] The resource https://vercel.com/_next/static/media/ebay-light.a2d1b485.svg?dpl=dpl_B4oLhqwq9i36CQBvjrYVrTiG7zc2&dpl=dpl_B4oLhqwq9i36CQBvjrYVrTiG7zc2 was preloaded using link preload but not used within a few seconds from the window's load event. Please make sure it has an appropriate `as` value and it is preloaded intentionally. @ https://vercel.com/login?next=%2Ftbrown034s-projects%2Fnews-alert:0
[    9006ms] [WARNING] The resource https://vercel.com/_next/static/media/stripe-dark.aebeabe0.svg?dpl=dpl_B4oLhqwq9i36CQBvjrYVrTiG7zc2&dpl=dpl_B4oLhqwq9i36CQBvjrYVrTiG7zc2 was preloaded using link preload but not used within a few seconds from the window's load event. Please make sure it has an appropriate `as` value and it is preloaded intentionally. @ https://vercel.com/login?next=%2Ftbrown034s-projects%2Fnews-alert:0
[    9006ms] [WARNING] The resource https://vercel.com/_next/static/media/ebay-dark.c7572b4c.svg?dpl=dpl_B4oLhqwq9i36CQBvjrYVrTiG7zc2&dpl=dpl_B4oLhqwq9i36CQBvjrYVrTiG7zc2 was preloaded using link preload but not used within a few seconds from the window's load event. Please make sure it has an appropriate `as` value and it is preloaded intentionally. @ https://vercel.com/login?next=%2Ftbrown034s-projects%2Fnews-alert:0
